{"C:\\Users\\Ella\\Desktop\\CodeX\\Level-3\\fem-joblistings-app\\src\\components\\layout\\Header.jsx": {"path":"C:\\Users\\Ella\\Desktop\\CodeX\\Level-3\\fem-joblistings-app\\src\\components\\layout\\Header.jsx","statementMap":{"0":{"start":{"line":7,"column":4},"end":{"line":11,"column":null}}},"fnMap":{"0":{"name":"Header","decl":{"start":{"line":6,"column":9},"end":{"line":6,"column":18}},"loc":{"start":{"line":6,"column":18},"end":{"line":13,"column":null}},"line":6}},"branchMap":{},"s":{"0":2},"f":{"0":2},"b":{},"meta":{"lastBranch":0,"lastFunction":1,"lastStatement":1,"seen":{"f:6:9:6:18":0,"s:7:4:11:Infinity":0}}}
,"C:\\Users\\Ella\\Desktop\\CodeX\\Level-3\\fem-joblistings-app\\src\\utils\\activeFilters.js": {"path":"C:\\Users\\Ella\\Desktop\\CodeX\\Level-3\\fem-joblistings-app\\src\\utils\\activeFilters.js","statementMap":{"0":{"start":{"line":10,"column":2},"end":{"line":10,"column":44}},"1":{"start":{"line":15,"column":28},"end":{"line":15,"column":49}},"2":{"start":{"line":18,"column":27},"end":{"line":20,"column":3}},"3":{"start":{"line":19,"column":11},"end":{"line":19,"column":48}},"4":{"start":{"line":23,"column":23},"end":{"line":23,"column":43}},"5":{"start":{"line":25,"column":4},"end":{"line":29,"column":3}},"6":{"start":{"line":27,"column":4},"end":{"line":27,"column":40}},"7":{"start":{"line":28,"column":4},"end":{"line":28,"column":22}},"8":{"start":{"line":32,"column":4},"end":{"line":32,"column":42}},"9":{"start":{"line":33,"column":4},"end":{"line":33,"column":22}},"10":{"start":{"line":37,"column":26},"end":{"line":37,"column":47}},"11":{"start":{"line":39,"column":2},"end":{"line":41,"column":4}},"12":{"start":{"line":40,"column":11},"end":{"line":40,"column":48}},"13":{"start":{"line":45,"column":2},"end":{"line":45,"column":12}}},"fnMap":{"0":{"name":"normalizeBadge","decl":{"start":{"line":8,"column":9},"end":{"line":8,"column":23}},"loc":{"start":{"line":8,"column":31},"end":{"line":11,"column":1}},"line":8},"1":{"name":"toggleFilter","decl":{"start":{"line":13,"column":9},"end":{"line":13,"column":21}},"loc":{"start":{"line":13,"column":43},"end":{"line":34,"column":5}},"line":13},"2":{"name":"(anonymous_2)","decl":{"start":{"line":19,"column":4},"end":{"line":19,"column":5}},"loc":{"start":{"line":19,"column":11},"end":{"line":19,"column":48}},"line":19},"3":{"name":"removeFilter","decl":{"start":{"line":36,"column":9},"end":{"line":36,"column":21}},"loc":{"start":{"line":36,"column":43},"end":{"line":42,"column":1}},"line":36},"4":{"name":"(anonymous_4)","decl":{"start":{"line":40,"column":4},"end":{"line":40,"column":5}},"loc":{"start":{"line":40,"column":11},"end":{"line":40,"column":48}},"line":40},"5":{"name":"clearFilter","decl":{"start":{"line":44,"column":9},"end":{"line":44,"column":20}},"loc":{"start":{"line":44,"column":23},"end":{"line":46,"column":1}},"line":44}},"branchMap":{"0":{"loc":{"start":{"line":25,"column":4},"end":{"line":29,"column":3}},"type":"if","locations":[{"start":{"line":25,"column":4},"end":{"line":29,"column":3}},{"start":{},"end":{}}],"line":25}},"s":{"0":7,"1":2,"2":2,"3":1,"4":2,"5":2,"6":1,"7":1,"8":1,"9":1,"10":1,"11":1,"12":2,"13":1},"f":{"0":7,"1":2,"2":1,"3":1,"4":2,"5":1},"b":{"0":[1,1]},"meta":{"lastBranch":1,"lastFunction":6,"lastStatement":14,"seen":{"f:8:9:8:23":0,"s:10:2:10:44":0,"f:13:9:13:21":1,"s:15:28:15:49":1,"s:18:27:20:3":2,"f:19:4:19:5":2,"s:19:11:19:48":3,"s:23:23:23:43":4,"b:25:4:29:3:undefined:undefined:undefined:undefined":0,"s:25:4:29:3":5,"s:27:4:27:40":6,"s:28:4:28:22":7,"s:32:4:32:42":8,"s:33:4:33:22":9,"f:36:9:36:21":3,"s:37:26:37:47":10,"s:39:2:41:4":11,"f:40:4:40:5":4,"s:40:11:40:48":12,"f:44:9:44:20":5,"s:45:2:45:12":13}}}
}
